ERROR>1 molecule converted
ERROR>17 audit log messages 
ERROR>1 molecule converted
ERROR>21 audit log messages 
ERROR>number of rotatable bonds 2
ERROR>
ERROR>A T O M   T Y P E S
ERROR>
ERROR>IDX	TYPE	RING
ERROR>1	37	AR
ERROR>2	37	AR
ERROR>3	37	AR
ERROR>4	37	AR
ERROR>5	37	AR
ERROR>6	37	AR
ERROR>7	11	NO
ERROR>8	1	NO
ERROR>9	8	NO
ERROR>10	23	NO
ERROR>11	23	NO
ERROR>12	5	NO
ERROR>13	5	NO
ERROR>14	5	NO
ERROR>15	5	NO
ERROR>16	5	NO
ERROR>17	5	NO
ERROR>
ERROR>F O R M A L   C H A R G E S
ERROR>
ERROR>IDX	CHARGE
ERROR>1	0.000000
ERROR>2	0.000000
ERROR>3	0.000000
ERROR>4	0.000000
ERROR>5	0.000000
ERROR>6	0.000000
ERROR>7	0.000000
ERROR>8	0.000000
ERROR>9	0.000000
ERROR>10	0.000000
ERROR>11	0.000000
ERROR>12	0.000000
ERROR>13	0.000000
ERROR>14	0.000000
ERROR>15	0.000000
ERROR>16	0.000000
ERROR>17	0.000000
ERROR>
ERROR>P A R T I A L   C H A R G E S
ERROR>
ERROR>IDX	CHARGE
ERROR>1	-0.143500
ERROR>2	-0.150000
ERROR>3	-0.150000
ERROR>4	0.190000
ERROR>5	-0.150000
ERROR>6	-0.150000
ERROR>7	-0.190000
ERROR>8	0.413500
ERROR>9	-0.990000
ERROR>10	0.360000
ERROR>11	0.360000
ERROR>12	0.150000
ERROR>13	0.150000
ERROR>14	0.150000
ERROR>15	0.150000
ERROR>16	0.000000
ERROR>17	0.000000
ERROR>
ERROR>S E T T I N G   U P   C A L C U L A T I O N S
ERROR>
ERROR>SETTING UP BOND CALCULATIONS...
ERROR>SETTING UP ANGLE & STRETCH-BEND CALCULATIONS...
ERROR>SETTING UP TORSION CALCULATIONS...
ERROR>SETTING UP OOP CALCULATIONS...
ERROR>SETTING UP VAN DER WAALS CALCULATIONS...
ERROR>SETTING UP ELECTROSTATIC CALCULATIONS...
ERROR>
ERROR>C O N J U G A T E   G R A D I E N T S
ERROR>
ERROR>STEPS = 2500
ERROR>
ERROR>STEP n     E(n)       E(n-1)    
ERROR>--------------------------------
ERROR>    1      12.116      12.147
ERROR>    3      12.042      12.042
ERROR>    CONJUGATE GRADIENTS HAS CONVERGED
ERROR>Time: 0 seconds. Iterations per second: inf
ERROR>
ERROR>A T O M   T Y P E S
ERROR>
ERROR>IDX	TYPE	RING
ERROR>1	37	AR
ERROR>2	37	AR
ERROR>3	37	AR
ERROR>4	37	AR
ERROR>5	37	AR
ERROR>6	37	AR
ERROR>7	11	NO
ERROR>8	1	NO
ERROR>9	8	NO
ERROR>10	23	NO
ERROR>11	23	NO
ERROR>12	5	NO
ERROR>13	5	NO
ERROR>14	5	NO
ERROR>15	5	NO
ERROR>16	5	NO
ERROR>17	5	NO
ERROR>
ERROR>F O R M A L   C H A R G E S
ERROR>
ERROR>IDX	CHARGE
ERROR>1	0.000000
ERROR>2	0.000000
ERROR>3	0.000000
ERROR>4	0.000000
ERROR>5	0.000000
ERROR>6	0.000000
ERROR>7	0.000000
ERROR>8	0.000000
ERROR>9	0.000000
ERROR>10	0.000000
ERROR>11	0.000000
ERROR>12	0.000000
ERROR>13	0.000000
ERROR>14	0.000000
ERROR>15	0.000000
ERROR>16	0.000000
ERROR>17	0.000000
ERROR>
ERROR>P A R T I A L   C H A R G E S
ERROR>
ERROR>IDX	CHARGE
ERROR>1	-0.143500
ERROR>2	-0.150000
ERROR>3	-0.150000
ERROR>4	0.190000
ERROR>5	-0.150000
ERROR>6	-0.150000
ERROR>7	-0.190000
ERROR>8	0.413500
ERROR>9	-0.990000
ERROR>10	0.360000
ERROR>11	0.360000
ERROR>12	0.150000
ERROR>13	0.150000
ERROR>14	0.150000
ERROR>15	0.150000
ERROR>16	0.000000
ERROR>17	0.000000
ERROR>
ERROR>S E T T I N G   U P   C A L C U L A T I O N S
ERROR>
ERROR>SETTING UP BOND CALCULATIONS...
ERROR>SETTING UP ANGLE & STRETCH-BEND CALCULATIONS...
ERROR>SETTING UP TORSION CALCULATIONS...
ERROR>SETTING UP OOP CALCULATIONS...
ERROR>SETTING UP VAN DER WAALS CALCULATIONS...
ERROR>SETTING UP ELECTROSTATIC CALCULATIONS...
ERROR>
ERROR>C O N J U G A T E   G R A D I E N T S
ERROR>
ERROR>STEPS = 2500
ERROR>
ERROR>STEP n     E(n)       E(n-1)    
ERROR>--------------------------------
ERROR>    1      10.329      10.411
ERROR>    3      10.249      10.249
ERROR>    CONJUGATE GRADIENTS HAS CONVERGED
ERROR>Time: 0 seconds. Iterations per second: inf
ERROR>
ERROR>A T O M   T Y P E S
ERROR>
ERROR>IDX	TYPE	RING
ERROR>1	37	AR
ERROR>2	37	AR
ERROR>3	37	AR
ERROR>4	37	AR
ERROR>5	37	AR
ERROR>6	37	AR
ERROR>7	11	NO
ERROR>8	1	NO
ERROR>9	8	NO
ERROR>10	23	NO
ERROR>11	23	NO
ERROR>12	5	NO
ERROR>13	5	NO
ERROR>14	5	NO
ERROR>15	5	NO
ERROR>16	5	NO
ERROR>17	5	NO
ERROR>
ERROR>F O R M A L   C H A R G E S
ERROR>
ERROR>IDX	CHARGE
ERROR>1	0.000000
ERROR>2	0.000000
ERROR>3	0.000000
ERROR>4	0.000000
ERROR>5	0.000000
ERROR>6	0.000000
ERROR>7	0.000000
ERROR>8	0.000000
ERROR>9	0.000000
ERROR>10	0.000000
ERROR>11	0.000000
ERROR>12	0.000000
ERROR>13	0.000000
ERROR>14	0.000000
ERROR>15	0.000000
ERROR>16	0.000000
ERROR>17	0.000000
ERROR>
ERROR>P A R T I A L   C H A R G E S
ERROR>
ERROR>IDX	CHARGE
ERROR>1	-0.143500
ERROR>2	-0.150000
ERROR>3	-0.150000
ERROR>4	0.190000
ERROR>5	-0.150000
ERROR>6	-0.150000
ERROR>7	-0.190000
ERROR>8	0.413500
ERROR>9	-0.990000
ERROR>10	0.360000
ERROR>11	0.360000
ERROR>12	0.150000
ERROR>13	0.150000
ERROR>14	0.150000
ERROR>15	0.150000
ERROR>16	0.000000
ERROR>17	0.000000
ERROR>
ERROR>S E T T I N G   U P   C A L C U L A T I O N S
ERROR>
ERROR>SETTING UP BOND CALCULATIONS...
ERROR>SETTING UP ANGLE & STRETCH-BEND CALCULATIONS...
ERROR>SETTING UP TORSION CALCULATIONS...
ERROR>SETTING UP OOP CALCULATIONS...
ERROR>SETTING UP VAN DER WAALS CALCULATIONS...
ERROR>SETTING UP ELECTROSTATIC CALCULATIONS...
ERROR>
ERROR>C O N J U G A T E   G R A D I E N T S
ERROR>
ERROR>STEPS = 2500
ERROR>
ERROR>STEP n     E(n)       E(n-1)    
ERROR>--------------------------------
ERROR>    1      11.314      11.352
ERROR>    3      11.217      11.217
ERROR>    CONJUGATE GRADIENTS HAS CONVERGED
ERROR>Time: 0 seconds. Iterations per second: inf
ERROR>
ERROR>A T O M   T Y P E S
ERROR>
ERROR>IDX	TYPE	RING
ERROR>1	37	AR
ERROR>2	37	AR
ERROR>3	37	AR
ERROR>4	37	AR
ERROR>5	37	AR
ERROR>6	37	AR
ERROR>7	11	NO
ERROR>8	1	NO
ERROR>9	8	NO
ERROR>10	23	NO
ERROR>11	23	NO
ERROR>12	5	NO
ERROR>13	5	NO
ERROR>14	5	NO
ERROR>15	5	NO
ERROR>16	5	NO
ERROR>17	5	NO
ERROR>
ERROR>F O R M A L   C H A R G E S
ERROR>
ERROR>IDX	CHARGE
ERROR>1	0.000000
ERROR>2	0.000000
ERROR>3	0.000000
ERROR>4	0.000000
ERROR>5	0.000000
ERROR>6	0.000000
ERROR>7	0.000000
ERROR>8	0.000000
ERROR>9	0.000000
ERROR>10	0.000000
ERROR>11	0.000000
ERROR>12	0.000000
ERROR>13	0.000000
ERROR>14	0.000000
ERROR>15	0.000000
ERROR>16	0.000000
ERROR>17	0.000000
ERROR>
ERROR>P A R T I A L   C H A R G E S
ERROR>
ERROR>IDX	CHARGE
ERROR>1	-0.143500
ERROR>2	-0.150000
ERROR>3	-0.150000
ERROR>4	0.190000
ERROR>5	-0.150000
ERROR>6	-0.150000
ERROR>7	-0.190000
ERROR>8	0.413500
ERROR>9	-0.990000
ERROR>10	0.360000
ERROR>11	0.360000
ERROR>12	0.150000
ERROR>13	0.150000
ERROR>14	0.150000
ERROR>15	0.150000
ERROR>16	0.000000
ERROR>17	0.000000
ERROR>
ERROR>S E T T I N G   U P   C A L C U L A T I O N S
ERROR>
ERROR>SETTING UP BOND CALCULATIONS...
ERROR>SETTING UP ANGLE & STRETCH-BEND CALCULATIONS...
ERROR>SETTING UP TORSION CALCULATIONS...
ERROR>SETTING UP OOP CALCULATIONS...
ERROR>SETTING UP VAN DER WAALS CALCULATIONS...
ERROR>SETTING UP ELECTROSTATIC CALCULATIONS...
ERROR>
ERROR>C O N J U G A T E   G R A D I E N T S
ERROR>
ERROR>STEPS = 2500
ERROR>
ERROR>STEP n     E(n)       E(n-1)    
ERROR>--------------------------------
ERROR>    1      10.872      10.910
ERROR>    3      10.817      10.817
ERROR>    CONJUGATE GRADIENTS HAS CONVERGED
ERROR>Time: 0 seconds. Iterations per second: inf
ERROR>
ERROR>A T O M   T Y P E S
ERROR>
ERROR>IDX	TYPE	RING
ERROR>1	37	AR
ERROR>2	37	AR
ERROR>3	37	AR
ERROR>4	37	AR
ERROR>5	37	AR
ERROR>6	37	AR
ERROR>7	11	NO
ERROR>8	1	NO
ERROR>9	8	NO
ERROR>10	23	NO
ERROR>11	23	NO
ERROR>12	5	NO
ERROR>13	5	NO
ERROR>14	5	NO
ERROR>15	5	NO
ERROR>16	5	NO
ERROR>17	5	NO
ERROR>
ERROR>F O R M A L   C H A R G E S
ERROR>
ERROR>IDX	CHARGE
ERROR>1	0.000000
ERROR>2	0.000000
ERROR>3	0.000000
ERROR>4	0.000000
ERROR>5	0.000000
ERROR>6	0.000000
ERROR>7	0.000000
ERROR>8	0.000000
ERROR>9	0.000000
ERROR>10	0.000000
ERROR>11	0.000000
ERROR>12	0.000000
ERROR>13	0.000000
ERROR>14	0.000000
ERROR>15	0.000000
ERROR>16	0.000000
ERROR>17	0.000000
ERROR>
ERROR>P A R T I A L   C H A R G E S
ERROR>
ERROR>IDX	CHARGE
ERROR>1	-0.143500
ERROR>2	-0.150000
ERROR>3	-0.150000
ERROR>4	0.190000
ERROR>5	-0.150000
ERROR>6	-0.150000
ERROR>7	-0.190000
ERROR>8	0.413500
ERROR>9	-0.990000
ERROR>10	0.360000
ERROR>11	0.360000
ERROR>12	0.150000
ERROR>13	0.150000
ERROR>14	0.150000
ERROR>15	0.150000
ERROR>16	0.000000
ERROR>17	0.000000
ERROR>
ERROR>S E T T I N G   U P   C A L C U L A T I O N S
ERROR>
ERROR>SETTING UP BOND CALCULATIONS...
ERROR>SETTING UP ANGLE & STRETCH-BEND CALCULATIONS...
ERROR>SETTING UP TORSION CALCULATIONS...
ERROR>SETTING UP OOP CALCULATIONS...
ERROR>SETTING UP VAN DER WAALS CALCULATIONS...
ERROR>SETTING UP ELECTROSTATIC CALCULATIONS...
ERROR>
ERROR>C O N J U G A T E   G R A D I E N T S
ERROR>
ERROR>STEPS = 2500
ERROR>
ERROR>STEP n     E(n)       E(n-1)    
ERROR>--------------------------------
ERROR>    1      11.454      11.516
ERROR>    6      11.387      11.387
ERROR>    CONJUGATE GRADIENTS HAS CONVERGED
ERROR>Time: 0 seconds. Iterations per second: inf
8       78.95921    
OUTPUT> MOLS energy, PLP, final energies:    10.49768       17.65321       28.15088    
OUTPUT> MOLS energy, PLP, final energies:    9.654270       41.87810       51.53237    
OUTPUT> MOLS energy, PLP, final energies:    7.725099       33.33096       41.05606    
OUTPUT> MOLS energy, PLP, final energies:    9.182739      -35.27869      -26.09595    
OUTPUT> MOLS energy, PLP, final energies:    9.320671       12.38134       21.70201    
OUTPUT> MOLS energy, PLP, final energies:    10.62821       18.37585       29.00406    
OUTPUT> MOLS energy, PLP, final energies:    7.247770       7.014956       14.26273    
OUTPUT> MOLS energy, PLP, final energies:    7.697270       69.78204       77.47931    
OUTPUT> MOLS energy, PLP, final energies:    12.12182      -37.79031      -25.66849    
OUTPUT> MOLS energy, PLP, final energies:    12.25136      -19.68520      -7.433836    
OUTPUT> MOLS energy, PLP, final energies:    10.29108       33.37203       43.66311    
OUTPUT> MOLS energy, PLP, final energies:    15.43877       27.93151       43.37028    
OUTPUT> MOLS energy, PLP, final energies:    15.17785       84.82378       100.0016    
OUTPUT> MOLS energy, PLP, final energies:    6.937450       70.88583       77.82329    
OUTPUT>           4  -26.09595      -30.00000       60.00000      0.8333335    
OUTPUT>  -1.250000       2.083333       20.00000       70.00000       35.00000    
OUTPUT> generated MOLS optimal Structure NO :            4  -26.09595    
OUTPUT> molgen o.k.
OUTPUT> conformation o.k
OUTPUT> generated minimized Structure NO :            4  -26.21840    
OUTPUT> MOLS energy, PLP, final energies:    9.788660      -39.35805      -29.56939    
OUTPUT> MOLS energy, PLP, final energies:    8.618030       87.25128       95.86931    
OUTPUT> MOLS energy, PLP, final energies:    10.69547      -39.02465      -28.32919    
OUTPUT> MOLS energy, PLP, final energies:    8.145960      -29.18286      -21.03690    
OUTPUT> MOLS energy, PLP, final energies:    8.441020      -32.06771      -23.62669    
OUTPUT> MOLS energy, PLP, final energies:    8.282619       5.721456       14.00408    
OUTPUT> MOLS energy, PLP, final energies:    12.32910       3.761014       16.09011    
OUTPUT> MOLS energy, PLP, final energies:    11.60400      -24.55789      -12.95389    
OUTPUT> MOLS energy, PLP, final energies:    8.980491      -21.95841      -12.97792    
OUTPUT> MOLS energy, PLP, final energies:    9.022209       103.0896       112.1118    
OUTPUT> MOLS energy, PLP, final energies:    13.24097      -22.61595      -9.374977    
OUTPUT> MOLS energy, PLP, final energies:    10.07488       249.4208       259.4957    
OUTPUT> MOLS energy, PLP, final energies:    10.63036       8.724126       19.35448    
OUTPUT> MOLS energy, PLP, final energies:    12.99973       42.96412       55.96385    
OUTPUT> MOLS energy, PLP, final energies:    12.59661       298.2112       310.8079    
OUTPUT>           5  -29.56939       20.00000       130.0000      0.6944447    
OUTPUT>  0.0000000E+00   1.250000       340.0000       320.0000       15.00000    
OUTPUT> generated MOLS optimal Structure NO :            5  -29.56939    
OUTPUT> molgen o.k.
OUTPUT> conformation o.k
OUTPUT> generated minimized Structure NO :            5  -29.73668    
OUTPUT>
OUTPUT>                         Job ended on 06-Apr-17
OUTPUT>
OUTPUT>                               at 21:31:13
OUTPUT>
OUTPUT> cpu time = :    2.254000    
