           1  -9.129869      -110.0000      -170.0000      -30.00000    
   130.0000      -100.0000      -60.00000      -180.0000       180.0000    
  -80.00000       80.00000       180.0000      -150.0000      -160.0000    
  -160.0000      -160.0000       90.00000      -150.0000    
           2  -5.357683      0.0000000E+00  -70.00000      -30.00000    
   100.0000       140.0000       80.00000      -150.0000       100.0000    
  -130.0000      -50.00000      -90.00000       120.0000       70.00000    
  -50.00000      -70.00000       150.0000      -180.0000    
           3  -3.167035      -110.0000       120.0000       70.00000    
  -70.00000       90.00000      -90.00000      -90.00000      -150.0000    
  -130.0000       60.00000      -90.00000       140.0000       70.00000    
   110.0000      -90.00000      -150.0000      -140.0000    
           4   6.034009      -10.00000       140.0000      -130.0000    
  -90.00000       130.0000      -120.0000       80.00000      -150.0000    
  -70.00000      -30.00000      -70.00000      -90.00000      -140.0000    
  -120.0000       80.00000      -60.00000      -100.0000    
           5   1.330788      -110.0000       70.00000      -50.00000    
  -30.00000      -130.0000       50.00000       70.00000       110.0000    
  -100.0000       70.00000      -160.0000       80.00000      -50.00000    
   170.0000      -180.0000       150.0000      -60.00000    
           6  -7.573165      -80.00000       150.0000       50.00000    
  -100.0000       110.0000      -40.00000      -70.00000      -170.0000    
  -70.00000      -180.0000      -110.0000      -140.0000       180.0000    
  -110.0000      -170.0000       80.00000      -160.0000    
           7   2.761302      -130.0000      -50.00000      -80.00000    
   40.00000       140.0000       140.0000      -100.0000      -40.00000    
  -170.0000       90.00000      -120.0000      -30.00000      -140.0000    
   60.00000      -110.0000      -160.0000       100.0000    
           8  -3.607263       80.00000       100.0000      -60.00000    
   130.0000       120.0000      -110.0000      -160.0000      -80.00000    
  -160.0000       110.0000      -120.0000      -100.0000       180.0000    
  -30.00000       100.0000      -100.0000      -120.0000    
           9  -3.984869       30.00000      -180.0000      -10.00000    
   110.0000      -110.0000       130.0000       170.0000      -150.0000    
  -100.0000      -90.00000      -90.00000       80.00000      -170.0000    
   110.0000       60.00000      -130.0000      -180.0000    
          10  -7.515769       180.0000       20.00000      -150.0000    
  -140.0000       100.0000      -130.0000      -170.0000       60.00000    
   60.00000       20.00000      -140.0000       70.00000      -90.00000    
  -70.00000      -110.0000       140.0000       100.0000    
