

          #########################################################
          #                                                       #
          #     T  H  E    M  O  L  S    P  R  O  G  R  A  M      #
          #                    Version 1.0                        #
          #                                                       #
          #     Department of Crystallography and Biophysics,     #
          #    University of Madras, Chennai - 600 025, INDIA     #
          #                                                       #
          #                                                       #
          #########################################################


                         Job started on 06-Apr-17

                               at 20:59:03


***********GENERATING INITIAL COORDINATES**************

 The sequence   : YGGFM
 sequence length:   5
 No. of atoms   :  75

*************GENERATING MOLS PARAMETERS****************

           2           4           5          75
           4          21          22          75
           4           6           7          20
           6           9          10          20
          23          25          26          75
          25          28          29          75
          30          32          33          75
          32          35          36          75
          37          39          40          75
          39          55          56          75
          39          41          42          54
          41          44          45          54
          57          59          60          75
          59          72          73          75
          59          61          62          71
          61          64          65          71
          64          67          68          71
 No. of Hydrogen bond pairs         =           20

********GENERATING MOLS OPTIMAL STRUCTURES*************

 generated MOLS optimal Structure NO :            1  -9.129869    
 generated MOLS optimal Structure NO :            2  -5.357683    
 generated MOLS optimal Structure NO :            3  -3.167035    
 generated MOLS optimal Structure NO :            4   6.034009    
 generated MOLS optimal Structure NO :            5   1.330788    
 generated MOLS optimal Structure NO :            6  -7.573165    
 generated MOLS optimal Structure NO :            7   2.761302    
 generated MOLS optimal Structure NO :            8  -3.607263    
 generated MOLS optimal Structure NO :            9  -3.984869    
 generated MOLS optimal Structure NO :           10  -7.515769    

*******MINIMISING MOLS OPTIMAL STURUCTRES BY CG********

 minimized structure no:            1  -22.04037              79
 minimized structure no:            2  -22.39134              60
 minimized structure no:            3  -22.73155              73
 minimized structure no:            4  -24.49902              57
 minimized structure no:            5  -20.34900              39
 minimized structure no:            6  -21.35824              51
 minimized structure no:            7  -19.37271              80
 minimized structure no:            8  -20.24031             125
 minimized structure no:            9  -24.52748              93
 minimized structure no:           10  -23.25308              60

**********CLUSTERING MINIMIZED STRUCTURES**************

 global cluster cutoff =   0.2352000    
 No. of clusters =            2
      REMARK  CN  NM  Energy    PACKD   CUTOF   RMSD    RRMSD     CRMS    CRRMS
REMARK   1   2  -23.44    0.23    0.20    0.79    0.17    5.23    2.26    0.58
REMARK   2   3  -22.45    0.22    0.17    0.64    0.15    4.72    1.94    0.57

 ******************RUN INFORMATION*********************

 Output directory  :  
 /home/sam/Jmolsdock1.0_source/MOLS2.0/result/peptide_prediction                
                                                  
 Molecule name       :  
 yggfm                                                                          
                                                  
 Sequence            :  YGGFM                                   
 Number of Cycles    :            10
 Search option       :  Back bone + side chain
 Run option          :  Upto Clustering
 Force field         :  AMBER
 Cluster algorithm   :  K-Means algorithm
 Cluster interval    :             1

                         Job ended on 06-Apr-17

                               at 20:59:14

 cpu time = :    10.32000    
