           1  -22.04037      -56.18768       141.1186      -54.66443    
   107.0599      -64.12215      -47.51151      -99.79388       165.4706    
  -62.25336       145.8033       172.7918      -93.31686      -124.4341    
   143.2354      -105.1968       65.71727      -121.6613    
           2  -22.39134       70.62433      -58.10822      -70.45360    
   100.0105      -162.3167       20.80385      -85.44463       56.12650    
  -161.8590      -39.52049       25.65593       85.83191       56.43137    
  -142.2601      -44.53038       106.4049      -153.9243    
           3  -22.73155      -68.22691       150.7546       56.17334    
  -90.18327       66.74353      -129.1103      -81.84550      -64.13448    
  -147.0384       53.77385      -55.11904       95.33337       55.37927    
   72.10516      -63.96252       166.1389      -155.4875    
           4  -24.49902      -16.36418       143.5723       154.6855    
  -109.7983      -140.1751      -89.09608       63.69460      -103.0837    
  -67.57657      -24.93469      -28.97868      -63.21476      -126.3048    
  -143.6400       55.85298      -85.28258      -99.11615    
           5  -20.34900      -70.16879       168.8377      -106.7254    
  -49.81958      -149.1688       104.1394       65.25351       30.50407    
  -92.95557       119.6864       169.3394       77.63336      -71.27470    
   139.0696      -172.9022       171.4772      -176.6657    
           6  -21.35824      -59.49858       156.8900       66.00462    
  -89.33289       71.05055      -119.3420      -89.36292      -140.6570    
  -79.66089       75.60455      -63.41551      -85.28738      -67.23090    
  -42.99989      -140.3810       74.07120      -139.0031    
           7  -19.37271      -136.5809      -55.51456      -67.75030    
   97.75046       155.8431       151.3470      -69.89658      -78.55775    
  -73.77723       104.9091      -177.6750      -100.4642      -143.6764    
   131.2969      -53.49815      -171.6542       114.8328    
           8  -20.24031       160.3090       116.6234      -52.40712    
   102.7573       84.20258      -69.22596      -132.6231      -77.94244    
  -164.9725       146.1323       176.1966      -93.98589      -164.3561    
  -96.19073       42.78842      -98.30836      -84.36824    
           9  -24.52748       9.686295       111.9616      -67.77058    
   104.8143      -83.43830       69.86491       169.8687      -53.04168    
  -77.05988      -44.09416      -48.54395       150.5610      -169.9418    
   109.3886       40.18974      -112.0038       169.9178    
          10  -23.25308       177.0570      -17.98526      -139.4817    
  -124.7940       83.90115      -73.18498       177.9116       83.50266    
   60.92870       34.37563      -152.0225       71.38364      -123.7985    
  -74.89834      -62.50850       127.6123       72.88390    
