number of rot_bonds    7
Rot_Bond    1
No.of Element   31
   1
   2
   8
   9
  10
  11
  12
  13
  14
  15
  16
  17
  18
  19
  20
  21
  22
  23
  24
  25
  38
  39
  40
  41
  42
  43
  44
  45
  46
  47
  48
Rot_Bond    2
No.of Element   20
   1
   2
   3
   4
   5
   6
   7
   8
  26
  27
  28
  29
  30
  31
  32
  33
  34
  35
  36
  37
Rot_Bond    3
No.of Element   34
   1
   2
   3
   8
   9
  10
  11
  12
  13
  14
  15
  16
  17
  18
  19
  20
  21
  22
  23
  24
  25
  26
  27
  38
  39
  40
  41
  42
  43
  44
  45
  46
  47
  48
Rot_Bond    4
No.of Element   37
   1
   2
   3
   4
   8
   9
  10
  11
  12
  13
  14
  15
  16
  17
  18
  19
  20
  21
  22
  23
  24
  25
  26
  27
  28
  29
  38
  39
  40
  41
  42
  43
  44
  45
  46
  47
  48
Rot_Bond    5
No.of Element   40
   1
   2
   3
   4
   5
   8
   9
  10
  11
  12
  13
  14
  15
  16
  17
  18
  19
  20
  21
  22
  23
  24
  25
  26
  27
  28
  29
  30
  31
  38
  39
  40
  41
  42
  43
  44
  45
  46
  47
  48
Rot_Bond    6
No.of Element   30
   1
   2
   3
   4
   5
   6
   7
   8
   9
  10
  21
  22
  23
  24
  26
  27
  28
  29
  30
  31
  32
  33
  34
  35
  36
  37
  45
  46
  47
  48
Rot_Bond    7
No.of Element   38
   1
   2
   3
   4
   5
   6
   7
   8
   9
  10
  11
  12
  13
  14
  15
  21
  22
  23
  24
  25
  26
  27
  28
  29
  30
  31
  32
  33
  34
  35
  36
  37
  38
  39
  45
  46
  47
  48
