NROTBONDS   7
  1       2
Num_array_elment  17
  3
  4
  5
  6
  7
 26
 27
 28
 29
 30
 31
 32
 33
 34
 35
 36
 37
  1       8
Num_array_elment  28
  9
 10
 11
 12
 13
 14
 15
 16
 17
 18
 19
 20
 21
 22
 23
 24
 25
 38
 39
 40
 41
 42
 43
 44
 45
 46
 47
 48
  2       3
Num_array_elment  14
  4
  5
  6
  7
 28
 29
 30
 31
 32
 33
 34
 35
 36
 37
  3       4
Num_array_elment  11
  5
  6
  7
 30
 31
 32
 33
 34
 35
 36
 37
  4       5
Num_array_elment   8
  6
  7
 32
 33
 34
 35
 36
 37
  9      10
Num_array_elment  18
 11
 12
 13
 14
 15
 16
 17
 18
 19
 20
 25
 38
 39
 40
 41
 42
 43
 44
 14      15
Num_array_elment  10
 16
 17
 18
 19
 20
 40
 41
 42
 43
 44
